*** Starting uWSGI 2.0.15 (64bit) on [Thu Nov 30 21:20:40 2017] ***
compiled with version: 4.4.7 20120313 (Red Hat 4.4.7-18) on 30 November 2017 09:20:32
os: Linux-2.6.32-573.el6.x86_64 #1 SMP Thu Jul 23 15:44:03 UTC 2015
nodename: VM_0_12_centos
machine: x86_64
clock source: unix
pcre jit disabled
detected number of CPU cores: 1
current working directory: /root/tjbaoan/script
writing pidfile to /root/tjbaoan/script/uwsgi.pid
detected binary path: /usr/local/bin/uwsgi
*** WARNING: you are running uWSGI as root !!! (use the --uid flag) *** 
chdir() to /root/tjbaoan
your processes number limit is 3871
your memory page size is 4096 bytes
detected max file descriptor number: 100001
building mime-types dictionary from file /etc/mime.types...883 entry found
lock engine: pthread robust mutexes
thunder lock: enabled
uWSGI http bound on 127.0.0.1:8080 fd 3
uwsgi socket 0 bound to UNIX address /root/tjbaoan/script/uwsgi.sock fd 6
Python version: 3.6.3 (default, Nov 28 2017, 15:05:01)  [GCC 4.4.7 20120313 (Red Hat 4.4.7-18)]
Python main interpreter initialized at 0x21555f0
python threads support enabled
your server socket listen backlog is limited to 100 connections
your mercy for graceful operations on workers is 60 seconds
mapped 485760 bytes (474 KB) for 5 cores
*** Operational MODE: preforking ***
WSGI app 0 (mountpoint='') ready in 1 seconds on interpreter 0x21555f0 pid: 28180 (default app)
*** uWSGI is running in multiple interpreter mode ***
spawned uWSGI master process (pid: 28180)
spawned uWSGI worker 1 (pid: 28182, cores: 1)
spawned uWSGI worker 2 (pid: 28183, cores: 1)
spawned uWSGI worker 3 (pid: 28184, cores: 1)
spawned uWSGI worker 4 (pid: 28185, cores: 1)
spawned uWSGI worker 5 (pid: 28186, cores: 1)
spawned uWSGI http 1 (pid: 28187)
*** Starting uWSGI 2.0.15 (64bit) on [Thu Nov 30 21:24:21 2017] ***
compiled with version: 4.4.7 20120313 (Red Hat 4.4.7-18) on 30 November 2017 09:20:32
os: Linux-2.6.32-573.el6.x86_64 #1 SMP Thu Jul 23 15:44:03 UTC 2015
nodename: VM_0_12_centos
machine: x86_64
clock source: unix
pcre jit disabled
detected number of CPU cores: 1
current working directory: /root/tjbaoan/script
writing pidfile to /root/tjbaoan/script/uwsgi.pid
detected binary path: /usr/local/bin/uwsgi
*** WARNING: you are running uWSGI as root !!! (use the --uid flag) *** 
chdir() to /root/tjbaoan
your processes number limit is 3871
your memory page size is 4096 bytes
detected max file descriptor number: 100001
building mime-types dictionary from file /etc/mime.types...883 entry found
lock engine: pthread robust mutexes
thunder lock: enabled
uWSGI http bound on 127.0.0.1:8000 fd 3
uwsgi socket 0 bound to UNIX address /root/tjbaoan/script/uwsgi.sock fd 6
Python version: 3.6.3 (default, Nov 28 2017, 15:05:01)  [GCC 4.4.7 20120313 (Red Hat 4.4.7-18)]
Python main interpreter initialized at 0x15855f0
python threads support enabled
your server socket listen backlog is limited to 100 connections
your mercy for graceful operations on workers is 60 seconds
mapped 485760 bytes (474 KB) for 5 cores
*** Operational MODE: preforking ***
WSGI app 0 (mountpoint='') ready in 0 seconds on interpreter 0x15855f0 pid: 28364 (default app)
*** uWSGI is running in multiple interpreter mode ***
spawned uWSGI master process (pid: 28364)
spawned uWSGI worker 1 (pid: 28366, cores: 1)
spawned uWSGI worker 2 (pid: 28367, cores: 1)
spawned uWSGI worker 3 (pid: 28368, cores: 1)
spawned uWSGI worker 4 (pid: 28369, cores: 1)
spawned uWSGI worker 5 (pid: 28370, cores: 1)
spawned uWSGI http 1 (pid: 28371)
gateway "uWSGI http 1" has been buried (pid: 28371)
...brutally killing workers...
worker 1 buried after 1 seconds
worker 2 buried after 1 seconds
worker 3 buried after 1 seconds
worker 4 buried after 1 seconds
worker 5 buried after 1 seconds
binary reloading uWSGI...
chdir() to /root/tjbaoan/script
closing all non-uwsgi socket fds > 2 (max_fd = 100001)...
found fd 6 mapped to socket 0 (/root/tjbaoan/script/uwsgi.sock)
running /usr/local/bin/uwsgi
[uWSGI] getting INI configuration from uwsgi.ini
[uwsgi-static] added mapping for /static => /root/tjbaoan/static
*** Starting uWSGI 2.0.15 (64bit) on [Thu Nov 30 13:35:06 2017] ***
compiled with version: 4.4.7 20120313 (Red Hat 4.4.7-18) on 30 November 2017 09:20:32
os: Linux-2.6.32-573.el6.x86_64 #1 SMP Thu Jul 23 15:44:03 UTC 2015
nodename: VM_0_12_centos
machine: x86_64
clock source: unix
pcre jit disabled
detected number of CPU cores: 1
current working directory: /root/tjbaoan/script
detected binary path: /usr/local/bin/uwsgi
*** WARNING: you are running uWSGI as root !!! (use the --uid flag) *** 
chdir() to /root/tjbaoan
your processes number limit is 3871
your memory page size is 4096 bytes
detected max file descriptor number: 100001
building mime-types dictionary from file /etc/mime.types...883 entry found
lock engine: pthread robust mutexes
thunder lock: enabled
bind(): Cannot assign requested address [core/socket.c line 769]
VACUUM: pidfile removed.
